

Started GET "/" for 127.0.0.1 at 2013-10-06 21:18:03 +0200
Processing by Rails::WelcomeController#index as HTML
  Rendered /home/eugenio/.rvm/gems/ruby-2.0.0-p247/gems/railties-4.0.0/lib/rails/templates/rails/welcome/index.html.erb (2.1ms)
Completed 200 OK in 47ms (Views: 30.1ms | ActiveRecord: 0.0ms)


Started GET "/products" for 127.0.0.1 at 2013-10-06 21:23:19 +0200

ActiveRecord::PendingMigrationError (Migrations are pending; run 'rake db:migrate RAILS_ENV=development' to resolve this issue.):
  activerecord (4.0.0) lib/active_record/migration.rb:379:in `check_pending!'
  activerecord (4.0.0) lib/active_record/migration.rb:366:in `call'
  actionpack (4.0.0) lib/action_dispatch/middleware/callbacks.rb:29:in `block in call'
  activesupport (4.0.0) lib/active_support/callbacks.rb:373:in `_run__1890848927998027366__call__callbacks'
  activesupport (4.0.0) lib/active_support/callbacks.rb:80:in `run_callbacks'
  actionpack (4.0.0) lib/action_dispatch/middleware/callbacks.rb:27:in `call'
  actionpack (4.0.0) lib/action_dispatch/middleware/reloader.rb:64:in `call'
  actionpack (4.0.0) lib/action_dispatch/middleware/remote_ip.rb:76:in `call'
  actionpack (4.0.0) lib/action_dispatch/middleware/debug_exceptions.rb:17:in `call'
  actionpack (4.0.0) lib/action_dispatch/middleware/show_exceptions.rb:30:in `call'
  railties (4.0.0) lib/rails/rack/logger.rb:38:in `call_app'
  railties (4.0.0) lib/rails/rack/logger.rb:21:in `block in call'
  activesupport (4.0.0) lib/active_support/tagged_logging.rb:67:in `block in tagged'
  activesupport (4.0.0) lib/active_support/tagged_logging.rb:25:in `tagged'
  activesupport (4.0.0) lib/active_support/tagged_logging.rb:67:in `tagged'
  railties (4.0.0) lib/rails/rack/logger.rb:21:in `call'
  actionpack (4.0.0) lib/action_dispatch/middleware/request_id.rb:21:in `call'
  rack (1.5.2) lib/rack/methodoverride.rb:21:in `call'
  rack (1.5.2) lib/rack/runtime.rb:17:in `call'
  activesupport (4.0.0) lib/active_support/cache/strategy/local_cache.rb:83:in `call'
  rack (1.5.2) lib/rack/lock.rb:17:in `call'
  actionpack (4.0.0) lib/action_dispatch/middleware/static.rb:64:in `call'
  railties (4.0.0) lib/rails/engine.rb:511:in `call'
  railties (4.0.0) lib/rails/application.rb:97:in `call'
  rack (1.5.2) lib/rack/lock.rb:17:in `call'
  rack (1.5.2) lib/rack/content_length.rb:14:in `call'
  rack (1.5.2) lib/rack/handler/webrick.rb:60:in `service'
  /home/eugenio/.rvm/rubies/ruby-2.0.0-p247/lib/ruby/2.0.0/webrick/httpserver.rb:138:in `service'
  /home/eugenio/.rvm/rubies/ruby-2.0.0-p247/lib/ruby/2.0.0/webrick/httpserver.rb:94:in `run'
  /home/eugenio/.rvm/rubies/ruby-2.0.0-p247/lib/ruby/2.0.0/webrick/server.rb:295:in `block in start_thread'


  Rendered /home/eugenio/.rvm/gems/ruby-2.0.0-p247/gems/actionpack-4.0.0/lib/action_dispatch/middleware/templates/rescues/_source.erb (0.7ms)
  Rendered /home/eugenio/.rvm/gems/ruby-2.0.0-p247/gems/actionpack-4.0.0/lib/action_dispatch/middleware/templates/rescues/_trace.erb (0.9ms)
  Rendered /home/eugenio/.rvm/gems/ruby-2.0.0-p247/gems/actionpack-4.0.0/lib/action_dispatch/middleware/templates/rescues/_request_and_response.erb (0.8ms)
  Rendered /home/eugenio/.rvm/gems/ruby-2.0.0-p247/gems/actionpack-4.0.0/lib/action_dispatch/middleware/templates/rescues/diagnostics.erb within rescues/layout (41.8ms)
  [1m[36m (173.5ms)[0m  [1mCREATE TABLE "schema_migrations" ("version" varchar(255) NOT NULL) [0m
  [1m[35m (155.6ms)[0m  CREATE UNIQUE INDEX "unique_schema_migrations" ON "schema_migrations" ("version")
  [1m[36mActiveRecord::SchemaMigration Load (0.2ms)[0m  [1mSELECT "schema_migrations".* FROM "schema_migrations"[0m
Migrating to CreateProducts (20131006192249)
  [1m[35m (0.2ms)[0m  begin transaction
  [1m[36m (0.9ms)[0m  [1mCREATE TABLE "products" ("id" INTEGER PRIMARY KEY AUTOINCREMENT NOT NULL, "title" varchar(255), "description" text, "image_url" varchar(255), "price" decimal, "created_at" datetime, "updated_at" datetime) [0m
  [1m[35mSQL (0.2ms)[0m  INSERT INTO "schema_migrations" ("version") VALUES (?)  [["version", "20131006192249"]]
  [1m[36m (177.6ms)[0m  [1mcommit transaction[0m
  [1m[35mActiveRecord::SchemaMigration Load (0.1ms)[0m  SELECT "schema_migrations".* FROM "schema_migrations"


Started GET "/products" for 127.0.0.1 at 2013-10-06 21:23:47 +0200
  [1m[36mActiveRecord::SchemaMigration Load (0.1ms)[0m  [1mSELECT "schema_migrations".* FROM "schema_migrations"[0m
Processing by ProductsController#index as HTML
  [1m[35mProduct Load (0.1ms)[0m  SELECT "products".* FROM "products"
  Rendered products/index.html.erb within layouts/application (2.2ms)
Completed 200 OK in 542ms (Views: 523.3ms | ActiveRecord: 0.3ms)


Started GET "/assets/application.css?body=1" for 127.0.0.1 at 2013-10-06 21:23:48 +0200


Started GET "/assets/products.css?body=1" for 127.0.0.1 at 2013-10-06 21:23:48 +0200


Started GET "/assets/scaffolds.css?body=1" for 127.0.0.1 at 2013-10-06 21:23:48 +0200


Started GET "/assets/products.js?body=1" for 127.0.0.1 at 2013-10-06 21:23:48 +0200


Started GET "/assets/jquery.js?body=1" for 127.0.0.1 at 2013-10-06 21:23:48 +0200


Started GET "/assets/jquery_ujs.js?body=1" for 127.0.0.1 at 2013-10-06 21:23:48 +0200


Started GET "/assets/turbolinks.js?body=1" for 127.0.0.1 at 2013-10-06 21:23:48 +0200


Started GET "/assets/application.js?body=1" for 127.0.0.1 at 2013-10-06 21:23:48 +0200


Started GET "/" for 127.0.0.1 at 2013-10-07 09:03:22 +0200
  [1m[36mActiveRecord::SchemaMigration Load (0.1ms)[0m  [1mSELECT "schema_migrations".* FROM "schema_migrations"[0m
Processing by Rails::WelcomeController#index as HTML
  Rendered /var/lib/gems/1.9.1/gems/railties-4.0.0/lib/rails/templates/rails/welcome/index.html.erb (96.4ms)
Completed 200 OK in 452ms (Views: 403.9ms | ActiveRecord: 0.0ms)


Started GET "/products" for 127.0.0.1 at 2013-10-07 09:03:33 +0200
Processing by ProductsController#index as HTML
  [1m[35mProduct Load (0.1ms)[0m  SELECT "products".* FROM "products"
  Rendered products/index.html.erb within layouts/application (2.1ms)
Completed 200 OK in 3180ms (Views: 3163.3ms | ActiveRecord: 0.3ms)


Started GET "/assets/application.css?body=1" for 127.0.0.1 at 2013-10-07 09:03:37 +0200


Started GET "/assets/scaffolds.css?body=1" for 127.0.0.1 at 2013-10-07 09:03:37 +0200


Started GET "/assets/turbolinks.js?body=1" for 127.0.0.1 at 2013-10-07 09:03:37 +0200


Started GET "/assets/products.css?body=1" for 127.0.0.1 at 2013-10-07 09:03:37 +0200


Started GET "/assets/jquery_ujs.js?body=1" for 127.0.0.1 at 2013-10-07 09:03:37 +0200


Started GET "/assets/jquery.js?body=1" for 127.0.0.1 at 2013-10-07 09:03:37 +0200


Started GET "/assets/application.js?body=1" for 127.0.0.1 at 2013-10-07 09:03:37 +0200


Started GET "/assets/products.js?body=1" for 127.0.0.1 at 2013-10-07 09:03:37 +0200
  [1m[36mActiveRecord::SchemaMigration Load (0.1ms)[0m  [1mSELECT "schema_migrations".* FROM "schema_migrations"[0m
  [1m[35mActiveRecord::SchemaMigration Load (0.1ms)[0m  SELECT "schema_migrations".* FROM "schema_migrations"
  [1m[36mActiveRecord::SchemaMigration Load (0.1ms)[0m  [1mSELECT "schema_migrations".* FROM "schema_migrations"[0m
  [1m[35mActiveRecord::SchemaMigration Load (0.1ms)[0m  SELECT "schema_migrations".* FROM "schema_migrations"
  [1m[36mActiveRecord::SchemaMigration Load (0.1ms)[0m  [1mSELECT "schema_migrations".* FROM "schema_migrations"[0m
  [1m[35mActiveRecord::SchemaMigration Load (0.1ms)[0m  SELECT "schema_migrations".* FROM "schema_migrations"
  [1m[36mActiveRecord::SchemaMigration Load (0.1ms)[0m  [1mSELECT "schema_migrations".* FROM "schema_migrations"[0m
  [1m[35mSQL (197.2ms)[0m  DELETE FROM "products"
  [1m[36m (0.1ms)[0m  [1mbegin transaction[0m
  [1m[35mSQL (56.5ms)[0m  INSERT INTO "products" ("created_at", "description", "image_url", "price", "title", "updated_at") VALUES (?, ?, ?, ?, ?, ?)  [["created_at", Mon, 07 Oct 2013 07:11:40 UTC +00:00], ["description", "ppppp"], ["image_url", "prova/img"], ["price", #<BigDecimal:47a8f10,'0.495E2',18(45)>], ["title", "Programming Ruby 1.9"], ["updated_at", Mon, 07 Oct 2013 07:11:40 UTC +00:00]]
  [1m[36m (174.9ms)[0m  [1mcommit transaction[0m


Started GET "/products" for 127.0.0.1 at 2013-10-07 09:11:52 +0200
  [1m[36mActiveRecord::SchemaMigration Load (0.1ms)[0m  [1mSELECT "schema_migrations".* FROM "schema_migrations"[0m
Processing by ProductsController#index as HTML
  [1m[35mProduct Load (0.1ms)[0m  SELECT "products".* FROM "products"
  Rendered products/index.html.erb within layouts/application (28.0ms)
Completed 200 OK in 87ms (Views: 54.0ms | ActiveRecord: 0.4ms)


Started GET "/assets/application.css?body=1" for 127.0.0.1 at 2013-10-07 09:11:53 +0200


Started GET "/assets/products.css?body=1" for 127.0.0.1 at 2013-10-07 09:11:53 +0200


Started GET "/assets/jquery.js?body=1" for 127.0.0.1 at 2013-10-07 09:11:53 +0200


Started GET "/assets/jquery_ujs.js?body=1" for 127.0.0.1 at 2013-10-07 09:11:53 +0200


Started GET "/assets/scaffolds.css?body=1" for 127.0.0.1 at 2013-10-07 09:11:53 +0200


Started GET "/assets/turbolinks.js?body=1" for 127.0.0.1 at 2013-10-07 09:11:53 +0200


Started GET "/assets/products.js?body=1" for 127.0.0.1 at 2013-10-07 09:11:53 +0200


Started GET "/assets/application.js?body=1" for 127.0.0.1 at 2013-10-07 09:11:53 +0200


Started GET "/products" for 127.0.0.1 at 2013-10-07 09:27:26 +0200
Processing by ProductsController#index as HTML
ERROR: compiling _app_views_products_index_html_erb__2388508235256157175_70176177709780 RAISED /home/eugenio/depot/app/views/products/index.html.erb:7: syntax error, unexpected tIDENTIFIER, expecting keyword_end
		  <td> ';0 image_tag(product.image_url, :class =>...
		                    ^
Function body:           def _app_views_products_index_html_erb__2388508235256157175_70176177709780(local_assigns, output_buffer)
            _old_virtual_path, @virtual_path = @virtual_path, "products/index";_old_output_buffer = @output_buffer;;@output_buffer = output_buffer || ActionView::OutputBuffer.new;@output_buffer.safe_append='<div id="product_list">
	<h1>Listing products</h1>

	<table>
';		 products.each do |product| 
@output_buffer.safe_append='		 <tr class="';@output_buffer.append=( cycle('list_line_odd', 'list_line_even') );@output_buffer.safe_append=' ">
		  <td> ';0 image_tag(product.image_url, :class => 'list_image') ;@output_buffer.safe_append=' </td>
		  <td class="list_descption"> 
		   <dl>
		    <dt> ';@output_buffer.append=( product.title );@output_buffer.safe_append=' </dt>
		    <dd> ';@output_buffer.append=( truncate(strip_tags(product.description), :length => 50) );@output_buffer.safe_append=' </dd>
		   </dl>
		  </td>
		  <td>';@output_buffer.append=( link_to 'Show', product );@output_buffer.safe_append='
		   <br/>';@output_buffer.append=( link_to 'Edit', edit_product_path(product) );@output_buffer.safe_append='
		   <br/>';@output_buffer.append=( link_to 'Destroy', product, method: :delete, data: { confirm: 'Are you sure?' } );@output_buffer.safe_append='
		  </td>
		 </tr>
';		  end 
@output_buffer.safe_append='	</table>
</div>
<br/>
';@output_buffer.append=( link_to 'New Product', new_product_path );@output_buffer.safe_append='
';@output_buffer.to_s
          ensure
            @virtual_path, @output_buffer = _old_virtual_path, _old_output_buffer
          end

Backtrace: /var/lib/gems/1.9.1/gems/actionpack-4.0.0/lib/action_view/template.rb:299:in `module_eval'
/var/lib/gems/1.9.1/gems/actionpack-4.0.0/lib/action_view/template.rb:299:in `compile'
/var/lib/gems/1.9.1/gems/actionpack-4.0.0/lib/action_view/template.rb:248:in `block in compile!'
<internal:prelude>:10:in `synchronize'
/var/lib/gems/1.9.1/gems/actionpack-4.0.0/lib/action_view/template.rb:236:in `compile!'
/var/lib/gems/1.9.1/gems/actionpack-4.0.0/lib/action_view/template.rb:142:in `block in render'
/var/lib/gems/1.9.1/gems/activesupport-4.0.0/lib/active_support/notifications.rb:161:in `instrument'
/var/lib/gems/1.9.1/gems/actionpack-4.0.0/lib/action_view/template.rb:141:in `render'
/var/lib/gems/1.9.1/gems/actionpack-4.0.0/lib/action_view/renderer/template_renderer.rb:49:in `block (2 levels) in render_template'
/var/lib/gems/1.9.1/gems/actionpack-4.0.0/lib/action_view/renderer/abstract_renderer.rb:38:in `block in instrument'
/var/lib/gems/1.9.1/gems/activesupport-4.0.0/lib/active_support/notifications.rb:159:in `block in instrument'
/var/lib/gems/1.9.1/gems/activesupport-4.0.0/lib/active_support/notifications/instrumenter.rb:20:in `instrument'
/var/lib/gems/1.9.1/gems/activesupport-4.0.0/lib/active_support/notifications.rb:159:in `instrument'
/var/lib/gems/1.9.1/gems/actionpack-4.0.0/lib/action_view/renderer/abstract_renderer.rb:38:in `instrument'
/var/lib/gems/1.9.1/gems/actionpack-4.0.0/lib/action_view/renderer/template_renderer.rb:48:in `block in render_template'
/var/lib/gems/1.9.1/gems/actionpack-4.0.0/lib/action_view/renderer/template_renderer.rb:56:in `render_with_layout'
/var/lib/gems/1.9.1/gems/actionpack-4.0.0/lib/action_view/renderer/template_renderer.rb:47:in `render_template'
/var/lib/gems/1.9.1/gems/actionpack-4.0.0/lib/action_view/renderer/template_renderer.rb:17:in `render'
/var/lib/gems/1.9.1/gems/actionpack-4.0.0/lib/action_view/renderer/renderer.rb:42:in `render_template'
/var/lib/gems/1.9.1/gems/actionpack-4.0.0/lib/action_view/renderer/renderer.rb:23:in `render'
/var/lib/gems/1.9.1/gems/actionpack-4.0.0/lib/abstract_controller/rendering.rb:127:in `_render_template'
/var/lib/gems/1.9.1/gems/actionpack-4.0.0/lib/action_controller/metal/streaming.rb:219:in `_render_template'
/var/lib/gems/1.9.1/gems/actionpack-4.0.0/lib/abstract_controller/rendering.rb:120:in `render_to_body'
/var/lib/gems/1.9.1/gems/actionpack-4.0.0/lib/action_controller/metal/rendering.rb:33:in `render_to_body'
/var/lib/gems/1.9.1/gems/actionpack-4.0.0/lib/action_controller/metal/renderers.rb:26:in `render_to_body'
/var/lib/gems/1.9.1/gems/actionpack-4.0.0/lib/abstract_controller/rendering.rb:97:in `render'
/var/lib/gems/1.9.1/gems/actionpack-4.0.0/lib/action_controller/metal/rendering.rb:16:in `render'
/var/lib/gems/1.9.1/gems/actionpack-4.0.0/lib/action_controller/metal/instrumentation.rb:41:in `block (2 levels) in render'
/var/lib/gems/1.9.1/gems/activesupport-4.0.0/lib/active_support/core_ext/benchmark.rb:12:in `block in ms'
/usr/lib/ruby/1.9.1/benchmark.rb:295:in `realtime'
/var/lib/gems/1.9.1/gems/activesupport-4.0.0/lib/active_support/core_ext/benchmark.rb:12:in `ms'
/var/lib/gems/1.9.1/gems/actionpack-4.0.0/lib/action_controller/metal/instrumentation.rb:41:in `block in render'
/var/lib/gems/1.9.1/gems/actionpack-4.0.0/lib/action_controller/metal/instrumentation.rb:84:in `cleanup_view_runtime'
/var/lib/gems/1.9.1/gems/activerecord-4.0.0/lib/active_record/railties/controller_runtime.rb:25:in `cleanup_view_runtime'
/var/lib/gems/1.9.1/gems/actionpack-4.0.0/lib/action_controller/metal/instrumentation.rb:40:in `render'
/var/lib/gems/1.9.1/gems/actionpack-4.0.0/lib/action_controller/metal/implicit_render.rb:10:in `default_render'
/var/lib/gems/1.9.1/gems/actionpack-4.0.0/lib/action_controller/metal/implicit_render.rb:5:in `send_action'
/var/lib/gems/1.9.1/gems/actionpack-4.0.0/lib/abstract_controller/base.rb:189:in `process_action'
/var/lib/gems/1.9.1/gems/actionpack-4.0.0/lib/action_controller/metal/rendering.rb:10:in `process_action'
/var/lib/gems/1.9.1/gems/actionpack-4.0.0/lib/abstract_controller/callbacks.rb:18:in `block in process_action'
/var/lib/gems/1.9.1/gems/activesupport-4.0.0/lib/active_support/callbacks.rb:413:in `_run__54184125260272259__process_action__callbacks'
/var/lib/gems/1.9.1/gems/activesupport-4.0.0/lib/active_support/callbacks.rb:80:in `run_callbacks'
/var/lib/gems/1.9.1/gems/actionpack-4.0.0/lib/abstract_controller/callbacks.rb:17:in `process_action'
/var/lib/gems/1.9.1/gems/actionpack-4.0.0/lib/action_controller/metal/rescue.rb:29:in `process_action'
/var/lib/gems/1.9.1/gems/actionpack-4.0.0/lib/action_controller/metal/instrumentation.rb:31:in `block in process_action'
/var/lib/gems/1.9.1/gems/activesupport-4.0.0/lib/active_support/notifications.rb:159:in `block in instrument'
/var/lib/gems/1.9.1/gems/activesupport-4.0.0/lib/active_support/notifications/instrumenter.rb:20:in `instrument'
/var/lib/gems/1.9.1/gems/activesupport-4.0.0/lib/active_support/notifications.rb:159:in `instrument'
/var/lib/gems/1.9.1/gems/actionpack-4.0.0/lib/action_controller/metal/instrumentation.rb:30:in `process_action'
/var/lib/gems/1.9.1/gems/actionpack-4.0.0/lib/action_controller/metal/params_wrapper.rb:245:in `process_action'
/var/lib/gems/1.9.1/gems/activerecord-4.0.0/lib/active_record/railties/controller_runtime.rb:18:in `process_action'
/var/lib/gems/1.9.1/gems/actionpack-4.0.0/lib/abstract_controller/base.rb:136:in `process'
/var/lib/gems/1.9.1/gems/actionpack-4.0.0/lib/abstract_controller/rendering.rb:44:in `process'
/var/lib/gems/1.9.1/gems/actionpack-4.0.0/lib/action_controller/metal.rb:195:in `dispatch'
/var/lib/gems/1.9.1/gems/actionpack-4.0.0/lib/action_controller/metal/rack_delegation.rb:13:in `dispatch'
/var/lib/gems/1.9.1/gems/actionpack-4.0.0/lib/action_controller/metal.rb:231:in `block in action'
/var/lib/gems/1.9.1/gems/actionpack-4.0.0/lib/action_dispatch/routing/route_set.rb:80:in `call'
/var/lib/gems/1.9.1/gems/actionpack-4.0.0/lib/action_dispatch/routing/route_set.rb:80:in `dispatch'
/var/lib/gems/1.9.1/gems/actionpack-4.0.0/lib/action_dispatch/routing/route_set.rb:48:in `call'
/var/lib/gems/1.9.1/gems/actionpack-4.0.0/lib/action_dispatch/journey/router.rb:71:in `block in call'
/var/lib/gems/1.9.1/gems/actionpack-4.0.0/lib/action_dispatch/journey/router.rb:59:in `each'
/var/lib/gems/1.9.1/gems/actionpack-4.0.0/lib/action_dispatch/journey/router.rb:59:in `call'
/var/lib/gems/1.9.1/gems/actionpack-4.0.0/lib/action_dispatch/routing/route_set.rb:655:in `call'
/var/lib/gems/1.9.1/gems/rack-1.5.2/lib/rack/etag.rb:23:in `call'
/var/lib/gems/1.9.1/gems/rack-1.5.2/lib/rack/conditionalget.rb:25:in `call'
/var/lib/gems/1.9.1/gems/rack-1.5.2/lib/rack/head.rb:11:in `call'
/var/lib/gems/1.9.1/gems/actionpack-4.0.0/lib/action_dispatch/middleware/params_parser.rb:27:in `call'
/var/lib/gems/1.9.1/gems/actionpack-4.0.0/lib/action_dispatch/middleware/flash.rb:241:in `call'
/var/lib/gems/1.9.1/gems/rack-1.5.2/lib/rack/session/abstract/id.rb:225:in `context'
/var/lib/gems/1.9.1/gems/rack-1.5.2/lib/rack/session/abstract/id.rb:220:in `call'
/var/lib/gems/1.9.1/gems/actionpack-4.0.0/lib/action_dispatch/middleware/cookies.rb:486:in `call'
/var/lib/gems/1.9.1/gems/activerecord-4.0.0/lib/active_record/query_cache.rb:36:in `call'
/var/lib/gems/1.9.1/gems/activerecord-4.0.0/lib/active_record/connection_adapters/abstract/connection_pool.rb:626:in `call'
/var/lib/gems/1.9.1/gems/activerecord-4.0.0/lib/active_record/migration.rb:369:in `call'
/var/lib/gems/1.9.1/gems/actionpack-4.0.0/lib/action_dispatch/middleware/callbacks.rb:29:in `block in call'
/var/lib/gems/1.9.1/gems/activesupport-4.0.0/lib/active_support/callbacks.rb:373:in `_run__1198129908440208106__call__callbacks'
/var/lib/gems/1.9.1/gems/activesupport-4.0.0/lib/active_support/callbacks.rb:80:in `run_callbacks'
/var/lib/gems/1.9.1/gems/actionpack-4.0.0/lib/action_dispatch/middleware/callbacks.rb:27:in `call'
/var/lib/gems/1.9.1/gems/actionpack-4.0.0/lib/action_dispatch/middleware/reloader.rb:64:in `call'
/var/lib/gems/1.9.1/gems/actionpack-4.0.0/lib/action_dispatch/middleware/remote_ip.rb:76:in `call'
/var/lib/gems/1.9.1/gems/actionpack-4.0.0/lib/action_dispatch/middleware/debug_exceptions.rb:17:in `call'
/var/lib/gems/1.9.1/gems/actionpack-4.0.0/lib/action_dispatch/middleware/show_exceptions.rb:30:in `call'
/var/lib/gems/1.9.1/gems/railties-4.0.0/lib/rails/rack/logger.rb:38:in `call_app'
/var/lib/gems/1.9.1/gems/railties-4.0.0/lib/rails/rack/logger.rb:21:in `block in call'
/var/lib/gems/1.9.1/gems/activesupport-4.0.0/lib/active_support/tagged_logging.rb:67:in `block in tagged'
/var/lib/gems/1.9.1/gems/activesupport-4.0.0/lib/active_support/tagged_logging.rb:25:in `tagged'
/var/lib/gems/1.9.1/gems/activesupport-4.0.0/lib/active_support/tagged_logging.rb:67:in `tagged'
/var/lib/gems/1.9.1/gems/railties-4.0.0/lib/rails/rack/logger.rb:21:in `call'
/var/lib/gems/1.9.1/gems/actionpack-4.0.0/lib/action_dispatch/middleware/request_id.rb:21:in `call'
/var/lib/gems/1.9.1/gems/rack-1.5.2/lib/rack/methodoverride.rb:21:in `call'
/var/lib/gems/1.9.1/gems/rack-1.5.2/lib/rack/runtime.rb:17:in `call'
/var/lib/gems/1.9.1/gems/activesupport-4.0.0/lib/active_support/cache/strategy/local_cache.rb:83:in `call'
/var/lib/gems/1.9.1/gems/rack-1.5.2/lib/rack/lock.rb:17:in `call'
/var/lib/gems/1.9.1/gems/actionpack-4.0.0/lib/action_dispatch/middleware/static.rb:64:in `call'
/var/lib/gems/1.9.1/gems/railties-4.0.0/lib/rails/engine.rb:511:in `call'
/var/lib/gems/1.9.1/gems/railties-4.0.0/lib/rails/application.rb:97:in `call'
/var/lib/gems/1.9.1/gems/rack-1.5.2/lib/rack/lock.rb:17:in `call'
/var/lib/gems/1.9.1/gems/rack-1.5.2/lib/rack/content_length.rb:14:in `call'
/var/lib/gems/1.9.1/gems/rack-1.5.2/lib/rack/handler/webrick.rb:60:in `service'
/usr/lib/ruby/1.9.1/webrick/httpserver.rb:138:in `service'
/usr/lib/ruby/1.9.1/webrick/httpserver.rb:94:in `run'
/usr/lib/ruby/1.9.1/webrick/server.rb:191:in `block in start_thread'
  Rendered products/index.html.erb within layouts/application (63.0ms)
Completed 500 Internal Server Error in 67ms

ActionView::Template::Error (/home/eugenio/depot/app/views/products/index.html.erb:7: syntax error, unexpected tIDENTIFIER, expecting keyword_end
		  <td> ';0 image_tag(product.image_url, :class =>...
		                    ^):
    4: 	<table>
    5: 		<% products.each do |product| %>
    6: 		 <tr class="<%= cycle('list_line_odd', 'list_line_even') %> ">
    7: 		  <td> <%0 image_tag(product.image_url, :class => 'list_image') %> </td>
    8: 		  <td class="list_descption"> 
    9: 		   <dl>
   10: 		    <dt> <%= product.title %> </dt>
  actionpack (4.0.0) lib/action_view/template.rb:299:in `module_eval'
  actionpack (4.0.0) lib/action_view/template.rb:299:in `compile'
  actionpack (4.0.0) lib/action_view/template.rb:248:in `block in compile!'
  <internal:prelude>:10:in `synchronize'
  actionpack (4.0.0) lib/action_view/template.rb:236:in `compile!'
  actionpack (4.0.0) lib/action_view/template.rb:142:in `block in render'
  activesupport (4.0.0) lib/active_support/notifications.rb:161:in `instrument'
  actionpack (4.0.0) lib/action_view/template.rb:141:in `render'
  actionpack (4.0.0) lib/action_view/renderer/template_renderer.rb:49:in `block (2 levels) in render_template'
  actionpack (4.0.0) lib/action_view/renderer/abstract_renderer.rb:38:in `block in instrument'
  activesupport (4.0.0) lib/active_support/notifications.rb:159:in `block in instrument'
  activesupport (4.0.0) lib/active_support/notifications/instrumenter.rb:20:in `instrument'
  activesupport (4.0.0) lib/active_support/notifications.rb:159:in `instrument'
  actionpack (4.0.0) lib/action_view/renderer/abstract_renderer.rb:38:in `instrument'
  actionpack (4.0.0) lib/action_view/renderer/template_renderer.rb:48:in `block in render_template'
  actionpack (4.0.0) lib/action_view/renderer/template_renderer.rb:56:in `render_with_layout'
  actionpack (4.0.0) lib/action_view/renderer/template_renderer.rb:47:in `render_template'
  actionpack (4.0.0) lib/action_view/renderer/template_renderer.rb:17:in `render'
  actionpack (4.0.0) lib/action_view/renderer/renderer.rb:42:in `render_template'
  actionpack (4.0.0) lib/action_view/renderer/renderer.rb:23:in `render'
  actionpack (4.0.0) lib/abstract_controller/rendering.rb:127:in `_render_template'
  actionpack (4.0.0) lib/action_controller/metal/streaming.rb:219:in `_render_template'
  actionpack (4.0.0) lib/abstract_controller/rendering.rb:120:in `render_to_body'
  actionpack (4.0.0) lib/action_controller/metal/rendering.rb:33:in `render_to_body'
  actionpack (4.0.0) lib/action_controller/metal/renderers.rb:26:in `render_to_body'
  actionpack (4.0.0) lib/abstract_controller/rendering.rb:97:in `render'
  actionpack (4.0.0) lib/action_controller/metal/rendering.rb:16:in `render'
  actionpack (4.0.0) lib/action_controller/metal/instrumentation.rb:41:in `block (2 levels) in render'
  activesupport (4.0.0) lib/active_support/core_ext/benchmark.rb:12:in `block in ms'
  /usr/lib/ruby/1.9.1/benchmark.rb:295:in `realtime'
  activesupport (4.0.0) lib/active_support/core_ext/benchmark.rb:12:in `ms'
  actionpack (4.0.0) lib/action_controller/metal/instrumentation.rb:41:in `block in render'
  actionpack (4.0.0) lib/action_controller/metal/instrumentation.rb:84:in `cleanup_view_runtime'
  activerecord (4.0.0) lib/active_record/railties/controller_runtime.rb:25:in `cleanup_view_runtime'
  actionpack (4.0.0) lib/action_controller/metal/instrumentation.rb:40:in `render'
  actionpack (4.0.0) lib/action_controller/metal/implicit_render.rb:10:in `default_render'
  actionpack (4.0.0) lib/action_controller/metal/implicit_render.rb:5:in `send_action'
  actionpack (4.0.0) lib/abstract_controller/base.rb:189:in `process_action'
  actionpack (4.0.0) lib/action_controller/metal/rendering.rb:10:in `process_action'
  actionpack (4.0.0) lib/abstract_controller/callbacks.rb:18:in `block in process_action'
  activesupport (4.0.0) lib/active_support/callbacks.rb:413:in `_run__54184125260272259__process_action__callbacks'
  activesupport (4.0.0) lib/active_support/callbacks.rb:80:in `run_callbacks'
  actionpack (4.0.0) lib/abstract_controller/callbacks.rb:17:in `process_action'
  actionpack (4.0.0) lib/action_controller/metal/rescue.rb:29:in `process_action'
  actionpack (4.0.0) lib/action_controller/metal/instrumentation.rb:31:in `block in process_action'
  activesupport (4.0.0) lib/active_support/notifications.rb:159:in `block in instrument'
  activesupport (4.0.0) lib/active_support/notifications/instrumenter.rb:20:in `instrument'
  activesupport (4.0.0) lib/active_support/notifications.rb:159:in `instrument'
  actionpack (4.0.0) lib/action_controller/metal/instrumentation.rb:30:in `process_action'
  actionpack (4.0.0) lib/action_controller/metal/params_wrapper.rb:245:in `process_action'
  activerecord (4.0.0) lib/active_record/railties/controller_runtime.rb:18:in `process_action'
  actionpack (4.0.0) lib/abstract_controller/base.rb:136:in `process'
  actionpack (4.0.0) lib/abstract_controller/rendering.rb:44:in `process'
  actionpack (4.0.0) lib/action_controller/metal.rb:195:in `dispatch'
  actionpack (4.0.0) lib/action_controller/metal/rack_delegation.rb:13:in `dispatch'
  actionpack (4.0.0) lib/action_controller/metal.rb:231:in `block in action'
  actionpack (4.0.0) lib/action_dispatch/routing/route_set.rb:80:in `call'
  actionpack (4.0.0) lib/action_dispatch/routing/route_set.rb:80:in `dispatch'
  actionpack (4.0.0) lib/action_dispatch/routing/route_set.rb:48:in `call'
  actionpack (4.0.0) lib/action_dispatch/journey/router.rb:71:in `block in call'
  actionpack (4.0.0) lib/action_dispatch/journey/router.rb:59:in `each'
  actionpack (4.0.0) lib/action_dispatch/journey/router.rb:59:in `call'
  actionpack (4.0.0) lib/action_dispatch/routing/route_set.rb:655:in `call'
  rack (1.5.2) lib/rack/etag.rb:23:in `call'
  rack (1.5.2) lib/rack/conditionalget.rb:25:in `call'
  rack (1.5.2) lib/rack/head.rb:11:in `call'
  actionpack (4.0.0) lib/action_dispatch/middleware/params_parser.rb:27:in `call'
  actionpack (4.0.0) lib/action_dispatch/middleware/flash.rb:241:in `call'
  rack (1.5.2) lib/rack/session/abstract/id.rb:225:in `context'
  rack (1.5.2) lib/rack/session/abstract/id.rb:220:in `call'
  actionpack (4.0.0) lib/action_dispatch/middleware/cookies.rb:486:in `call'
  activerecord (4.0.0) lib/active_record/query_cache.rb:36:in `call'
  activerecord (4.0.0) lib/active_record/connection_adapters/abstract/connection_pool.rb:626:in `call'
  activerecord (4.0.0) lib/active_record/migration.rb:369:in `call'
  actionpack (4.0.0) lib/action_dispatch/middleware/callbacks.rb:29:in `block in call'
  activesupport (4.0.0) lib/active_support/callbacks.rb:373:in `_run__1198129908440208106__call__callbacks'
  activesupport (4.0.0) lib/active_support/callbacks.rb:80:in `run_callbacks'
  actionpack (4.0.0) lib/action_dispatch/middleware/callbacks.rb:27:in `call'
  actionpack (4.0.0) lib/action_dispatch/middleware/reloader.rb:64:in `call'
  actionpack (4.0.0) lib/action_dispatch/middleware/remote_ip.rb:76:in `call'
  actionpack (4.0.0) lib/action_dispatch/middleware/debug_exceptions.rb:17:in `call'
  actionpack (4.0.0) lib/action_dispatch/middleware/show_exceptions.rb:30:in `call'
  railties (4.0.0) lib/rails/rack/logger.rb:38:in `call_app'
  railties (4.0.0) lib/rails/rack/logger.rb:21:in `block in call'
  activesupport (4.0.0) lib/active_support/tagged_logging.rb:67:in `block in tagged'
  activesupport (4.0.0) lib/active_support/tagged_logging.rb:25:in `tagged'
  activesupport (4.0.0) lib/active_support/tagged_logging.rb:67:in `tagged'
  railties (4.0.0) lib/rails/rack/logger.rb:21:in `call'
  actionpack (4.0.0) lib/action_dispatch/middleware/request_id.rb:21:in `call'
  rack (1.5.2) lib/rack/methodoverride.rb:21:in `call'
  rack (1.5.2) lib/rack/runtime.rb:17:in `call'
  activesupport (4.0.0) lib/active_support/cache/strategy/local_cache.rb:83:in `call'
  rack (1.5.2) lib/rack/lock.rb:17:in `call'
  actionpack (4.0.0) lib/action_dispatch/middleware/static.rb:64:in `call'
  railties (4.0.0) lib/rails/engine.rb:511:in `call'
  railties (4.0.0) lib/rails/application.rb:97:in `call'
  rack (1.5.2) lib/rack/lock.rb:17:in `call'
  rack (1.5.2) lib/rack/content_length.rb:14:in `call'
  rack (1.5.2) lib/rack/handler/webrick.rb:60:in `service'
  /usr/lib/ruby/1.9.1/webrick/httpserver.rb:138:in `service'
  /usr/lib/ruby/1.9.1/webrick/httpserver.rb:94:in `run'
  /usr/lib/ruby/1.9.1/webrick/server.rb:191:in `block in start_thread'


  Rendered /var/lib/gems/1.9.1/gems/actionpack-4.0.0/lib/action_dispatch/middleware/templates/rescues/_trace.erb (1.0ms)
  Rendered /var/lib/gems/1.9.1/gems/actionpack-4.0.0/lib/action_dispatch/middleware/templates/rescues/_request_and_response.erb (0.9ms)
  Rendered /var/lib/gems/1.9.1/gems/actionpack-4.0.0/lib/action_dispatch/middleware/templates/rescues/template_error.erb within rescues/layout (9.7ms)


Started GET "/products" for 127.0.0.1 at 2013-10-07 09:27:36 +0200
Processing by ProductsController#index as HTML
  [1m[36mProduct Load (0.2ms)[0m  [1mSELECT "products".* FROM "products"[0m
  Rendered products/index.html.erb within layouts/application (5.9ms)
Completed 500 Internal Server Error in 7ms

ActionView::Template::Error (undefined local variable or method `products' for #<#<Class:0x00000003498c40>:0x007fa654074b60>):
    2: 	<h1>Listing products</h1>
    3: 
    4: 	<table>
    5: 		<% products.each do |product| %>
    6: 		 <tr class="<%= cycle('list_line_odd', 'list_line_even') %> ">
    7: 		  <td> <%= image_tag(product.image_url, :class => 'list_image') %> </td>
    8: 		  <td class="list_descption"> 
  app/views/products/index.html.erb:5:in `_app_views_products_index_html_erb__2388508235256157175_70176175528580'


  Rendered /var/lib/gems/1.9.1/gems/actionpack-4.0.0/lib/action_dispatch/middleware/templates/rescues/_trace.erb (0.9ms)
  Rendered /var/lib/gems/1.9.1/gems/actionpack-4.0.0/lib/action_dispatch/middleware/templates/rescues/_request_and_response.erb (0.8ms)
  Rendered /var/lib/gems/1.9.1/gems/actionpack-4.0.0/lib/action_dispatch/middleware/templates/rescues/template_error.erb within rescues/layout (7.8ms)


Started GET "/products" for 127.0.0.1 at 2013-10-07 09:28:13 +0200
Processing by ProductsController#index as HTML
  [1m[35mProduct Load (0.5ms)[0m  SELECT "products".* FROM "products"
  Rendered products/index.html.erb within layouts/application (33.9ms)
ERROR: compiling _app_views_layouts_application_html_erb___3209661741981978875_70176179168920 RAISED /home/eugenio/depot/app/views/layouts/application.html.erb:5: syntax error, unexpected ')', expecting tASSOC
...rbolinks-track" => true, :all );@output_buffer.safe_append='
...                               ^
/home/eugenio/depot/app/views/layouts/application.html.erb:16: syntax error, unexpected keyword_ensure, expecting ')'
/home/eugenio/depot/app/views/layouts/application.html.erb:18: syntax error, unexpected keyword_end, expecting ')'
Function body:           def _app_views_layouts_application_html_erb___3209661741981978875_70176179168920(local_assigns, output_buffer)
            _old_virtual_path, @virtual_path = @virtual_path, "layouts/application";_old_output_buffer = @output_buffer;;@output_buffer = output_buffer || ActionView::OutputBuffer.new;@output_buffer.safe_append='<!DOCTYPE html>
<html>
<head>
  <title>Depot</title>
  ';@output_buffer.append=( stylesheet_link_tag   "application", media: "all", "data-turbolinks-track" => true, :all );@output_buffer.safe_append='
  ';@output_buffer.append=( javascript_include_tag "application", "data-turbolinks-track" => true );@output_buffer.safe_append='
  ';@output_buffer.append=( csrf_meta_tags );@output_buffer.safe_append='
</head>
<body>

';@output_buffer.append=( yield );@output_buffer.safe_append='

</body>
</html>
';@output_buffer.to_s
          ensure
            @virtual_path, @output_buffer = _old_virtual_path, _old_output_buffer
          end

Backtrace: /var/lib/gems/1.9.1/gems/actionpack-4.0.0/lib/action_view/template.rb:299:in `module_eval'
/var/lib/gems/1.9.1/gems/actionpack-4.0.0/lib/action_view/template.rb:299:in `compile'
/var/lib/gems/1.9.1/gems/actionpack-4.0.0/lib/action_view/template.rb:248:in `block in compile!'
<internal:prelude>:10:in `synchronize'
/var/lib/gems/1.9.1/gems/actionpack-4.0.0/lib/action_view/template.rb:236:in `compile!'
/var/lib/gems/1.9.1/gems/actionpack-4.0.0/lib/action_view/template.rb:142:in `block in render'
/var/lib/gems/1.9.1/gems/activesupport-4.0.0/lib/active_support/notifications.rb:161:in `instrument'
/var/lib/gems/1.9.1/gems/actionpack-4.0.0/lib/action_view/template.rb:141:in `render'
/var/lib/gems/1.9.1/gems/actionpack-4.0.0/lib/action_view/renderer/template_renderer.rb:61:in `render_with_layout'
/var/lib/gems/1.9.1/gems/actionpack-4.0.0/lib/action_view/renderer/template_renderer.rb:47:in `render_template'
/var/lib/gems/1.9.1/gems/actionpack-4.0.0/lib/action_view/renderer/template_renderer.rb:17:in `render'
/var/lib/gems/1.9.1/gems/actionpack-4.0.0/lib/action_view/renderer/renderer.rb:42:in `render_template'
/var/lib/gems/1.9.1/gems/actionpack-4.0.0/lib/action_view/renderer/renderer.rb:23:in `render'
/var/lib/gems/1.9.1/gems/actionpack-4.0.0/lib/abstract_controller/rendering.rb:127:in `_render_template'
/var/lib/gems/1.9.1/gems/actionpack-4.0.0/lib/action_controller/metal/streaming.rb:219:in `_render_template'
/var/lib/gems/1.9.1/gems/actionpack-4.0.0/lib/abstract_controller/rendering.rb:120:in `render_to_body'
/var/lib/gems/1.9.1/gems/actionpack-4.0.0/lib/action_controller/metal/rendering.rb:33:in `render_to_body'
/var/lib/gems/1.9.1/gems/actionpack-4.0.0/lib/action_controller/metal/renderers.rb:26:in `render_to_body'
/var/lib/gems/1.9.1/gems/actionpack-4.0.0/lib/abstract_controller/rendering.rb:97:in `render'
/var/lib/gems/1.9.1/gems/actionpack-4.0.0/lib/action_controller/metal/rendering.rb:16:in `render'
/var/lib/gems/1.9.1/gems/actionpack-4.0.0/lib/action_controller/metal/instrumentation.rb:41:in `block (2 levels) in render'
/var/lib/gems/1.9.1/gems/activesupport-4.0.0/lib/active_support/core_ext/benchmark.rb:12:in `block in ms'
/usr/lib/ruby/1.9.1/benchmark.rb:295:in `realtime'
/var/lib/gems/1.9.1/gems/activesupport-4.0.0/lib/active_support/core_ext/benchmark.rb:12:in `ms'
/var/lib/gems/1.9.1/gems/actionpack-4.0.0/lib/action_controller/metal/instrumentation.rb:41:in `block in render'
/var/lib/gems/1.9.1/gems/actionpack-4.0.0/lib/action_controller/metal/instrumentation.rb:84:in `cleanup_view_runtime'
/var/lib/gems/1.9.1/gems/activerecord-4.0.0/lib/active_record/railties/controller_runtime.rb:25:in `cleanup_view_runtime'
/var/lib/gems/1.9.1/gems/actionpack-4.0.0/lib/action_controller/metal/instrumentation.rb:40:in `render'
/var/lib/gems/1.9.1/gems/actionpack-4.0.0/lib/action_controller/metal/implicit_render.rb:10:in `default_render'
/var/lib/gems/1.9.1/gems/actionpack-4.0.0/lib/action_controller/metal/implicit_render.rb:5:in `send_action'
/var/lib/gems/1.9.1/gems/actionpack-4.0.0/lib/abstract_controller/base.rb:189:in `process_action'
/var/lib/gems/1.9.1/gems/actionpack-4.0.0/lib/action_controller/metal/rendering.rb:10:in `process_action'
/var/lib/gems/1.9.1/gems/actionpack-4.0.0/lib/abstract_controller/callbacks.rb:18:in `block in process_action'
/var/lib/gems/1.9.1/gems/activesupport-4.0.0/lib/active_support/callbacks.rb:413:in `_run__54184125260272259__process_action__callbacks'
/var/lib/gems/1.9.1/gems/activesupport-4.0.0/lib/active_support/callbacks.rb:80:in `run_callbacks'
/var/lib/gems/1.9.1/gems/actionpack-4.0.0/lib/abstract_controller/callbacks.rb:17:in `process_action'
/var/lib/gems/1.9.1/gems/actionpack-4.0.0/lib/action_controller/metal/rescue.rb:29:in `process_action'
/var/lib/gems/1.9.1/gems/actionpack-4.0.0/lib/action_controller/metal/instrumentation.rb:31:in `block in process_action'
/var/lib/gems/1.9.1/gems/activesupport-4.0.0/lib/active_support/notifications.rb:159:in `block in instrument'
/var/lib/gems/1.9.1/gems/activesupport-4.0.0/lib/active_support/notifications/instrumenter.rb:20:in `instrument'
/var/lib/gems/1.9.1/gems/activesupport-4.0.0/lib/active_support/notifications.rb:159:in `instrument'
/var/lib/gems/1.9.1/gems/actionpack-4.0.0/lib/action_controller/metal/instrumentation.rb:30:in `process_action'
/var/lib/gems/1.9.1/gems/actionpack-4.0.0/lib/action_controller/metal/params_wrapper.rb:245:in `process_action'
/var/lib/gems/1.9.1/gems/activerecord-4.0.0/lib/active_record/railties/controller_runtime.rb:18:in `process_action'
/var/lib/gems/1.9.1/gems/actionpack-4.0.0/lib/abstract_controller/base.rb:136:in `process'
/var/lib/gems/1.9.1/gems/actionpack-4.0.0/lib/abstract_controller/rendering.rb:44:in `process'
/var/lib/gems/1.9.1/gems/actionpack-4.0.0/lib/action_controller/metal.rb:195:in `dispatch'
/var/lib/gems/1.9.1/gems/actionpack-4.0.0/lib/action_controller/metal/rack_delegation.rb:13:in `dispatch'
/var/lib/gems/1.9.1/gems/actionpack-4.0.0/lib/action_controller/metal.rb:231:in `block in action'
/var/lib/gems/1.9.1/gems/actionpack-4.0.0/lib/action_dispatch/routing/route_set.rb:80:in `call'
/var/lib/gems/1.9.1/gems/actionpack-4.0.0/lib/action_dispatch/routing/route_set.rb:80:in `dispatch'
/var/lib/gems/1.9.1/gems/actionpack-4.0.0/lib/action_dispatch/routing/route_set.rb:48:in `call'
/var/lib/gems/1.9.1/gems/actionpack-4.0.0/lib/action_dispatch/journey/router.rb:71:in `block in call'
/var/lib/gems/1.9.1/gems/actionpack-4.0.0/lib/action_dispatch/journey/router.rb:59:in `each'
/var/lib/gems/1.9.1/gems/actionpack-4.0.0/lib/action_dispatch/journey/router.rb:59:in `call'
/var/lib/gems/1.9.1/gems/actionpack-4.0.0/lib/action_dispatch/routing/route_set.rb:655:in `call'
/var/lib/gems/1.9.1/gems/rack-1.5.2/lib/rack/etag.rb:23:in `call'
/var/lib/gems/1.9.1/gems/rack-1.5.2/lib/rack/conditionalget.rb:25:in `call'
/var/lib/gems/1.9.1/gems/rack-1.5.2/lib/rack/head.rb:11:in `call'
/var/lib/gems/1.9.1/gems/actionpack-4.0.0/lib/action_dispatch/middleware/params_parser.rb:27:in `call'
/var/lib/gems/1.9.1/gems/actionpack-4.0.0/lib/action_dispatch/middleware/flash.rb:241:in `call'
/var/lib/gems/1.9.1/gems/rack-1.5.2/lib/rack/session/abstract/id.rb:225:in `context'
/var/lib/gems/1.9.1/gems/rack-1.5.2/lib/rack/session/abstract/id.rb:220:in `call'
/var/lib/gems/1.9.1/gems/actionpack-4.0.0/lib/action_dispatch/middleware/cookies.rb:486:in `call'
/var/lib/gems/1.9.1/gems/activerecord-4.0.0/lib/active_record/query_cache.rb:36:in `call'
/var/lib/gems/1.9.1/gems/activerecord-4.0.0/lib/active_record/connection_adapters/abstract/connection_pool.rb:626:in `call'
/var/lib/gems/1.9.1/gems/activerecord-4.0.0/lib/active_record/migration.rb:369:in `call'
/var/lib/gems/1.9.1/gems/actionpack-4.0.0/lib/action_dispatch/middleware/callbacks.rb:29:in `block in call'
/var/lib/gems/1.9.1/gems/activesupport-4.0.0/lib/active_support/callbacks.rb:373:in `_run__1198129908440208106__call__callbacks'
/var/lib/gems/1.9.1/gems/activesupport-4.0.0/lib/active_support/callbacks.rb:80:in `run_callbacks'
/var/lib/gems/1.9.1/gems/actionpack-4.0.0/lib/action_dispatch/middleware/callbacks.rb:27:in `call'
/var/lib/gems/1.9.1/gems/actionpack-4.0.0/lib/action_dispatch/middleware/reloader.rb:64:in `call'
/var/lib/gems/1.9.1/gems/actionpack-4.0.0/lib/action_dispatch/middleware/remote_ip.rb:76:in `call'
/var/lib/gems/1.9.1/gems/actionpack-4.0.0/lib/action_dispatch/middleware/debug_exceptions.rb:17:in `call'
/var/lib/gems/1.9.1/gems/actionpack-4.0.0/lib/action_dispatch/middleware/show_exceptions.rb:30:in `call'
/var/lib/gems/1.9.1/gems/railties-4.0.0/lib/rails/rack/logger.rb:38:in `call_app'
/var/lib/gems/1.9.1/gems/railties-4.0.0/lib/rails/rack/logger.rb:21:in `block in call'
/var/lib/gems/1.9.1/gems/activesupport-4.0.0/lib/active_support/tagged_logging.rb:67:in `block in tagged'
/var/lib/gems/1.9.1/gems/activesupport-4.0.0/lib/active_support/tagged_logging.rb:25:in `tagged'
/var/lib/gems/1.9.1/gems/activesupport-4.0.0/lib/active_support/tagged_logging.rb:67:in `tagged'
/var/lib/gems/1.9.1/gems/railties-4.0.0/lib/rails/rack/logger.rb:21:in `call'
/var/lib/gems/1.9.1/gems/actionpack-4.0.0/lib/action_dispatch/middleware/request_id.rb:21:in `call'
/var/lib/gems/1.9.1/gems/rack-1.5.2/lib/rack/methodoverride.rb:21:in `call'
/var/lib/gems/1.9.1/gems/rack-1.5.2/lib/rack/runtime.rb:17:in `call'
/var/lib/gems/1.9.1/gems/activesupport-4.0.0/lib/active_support/cache/strategy/local_cache.rb:83:in `call'
/var/lib/gems/1.9.1/gems/rack-1.5.2/lib/rack/lock.rb:17:in `call'
/var/lib/gems/1.9.1/gems/actionpack-4.0.0/lib/action_dispatch/middleware/static.rb:64:in `call'
/var/lib/gems/1.9.1/gems/railties-4.0.0/lib/rails/engine.rb:511:in `call'
/var/lib/gems/1.9.1/gems/railties-4.0.0/lib/rails/application.rb:97:in `call'
/var/lib/gems/1.9.1/gems/rack-1.5.2/lib/rack/lock.rb:17:in `call'
/var/lib/gems/1.9.1/gems/rack-1.5.2/lib/rack/content_length.rb:14:in `call'
/var/lib/gems/1.9.1/gems/rack-1.5.2/lib/rack/handler/webrick.rb:60:in `service'
/usr/lib/ruby/1.9.1/webrick/httpserver.rb:138:in `service'
/usr/lib/ruby/1.9.1/webrick/httpserver.rb:94:in `run'
/usr/lib/ruby/1.9.1/webrick/server.rb:191:in `block in start_thread'
Completed 500 Internal Server Error in 39ms

ActionView::Template::Error (/home/eugenio/depot/app/views/layouts/application.html.erb:5: syntax error, unexpected ')', expecting tASSOC
...rbolinks-track" => true, :all );@output_buffer.safe_append='
...                               ^
/home/eugenio/depot/app/views/layouts/application.html.erb:16: syntax error, unexpected keyword_ensure, expecting ')'
/home/eugenio/depot/app/views/layouts/application.html.erb:18: syntax error, unexpected keyword_end, expecting ')'):
    2: <html>
    3: <head>
    4:   <title>Depot</title>
    5:   <%= stylesheet_link_tag   "application", media: "all", "data-turbolinks-track" => true, :all %>
    6:   <%= javascript_include_tag "application", "data-turbolinks-track" => true %>
    7:   <%= csrf_meta_tags %>
    8: </head>
  actionpack (4.0.0) lib/action_view/template.rb:299:in `module_eval'
  actionpack (4.0.0) lib/action_view/template.rb:299:in `compile'
  actionpack (4.0.0) lib/action_view/template.rb:248:in `block in compile!'
  <internal:prelude>:10:in `synchronize'
  actionpack (4.0.0) lib/action_view/template.rb:236:in `compile!'
  actionpack (4.0.0) lib/action_view/template.rb:142:in `block in render'
  activesupport (4.0.0) lib/active_support/notifications.rb:161:in `instrument'
  actionpack (4.0.0) lib/action_view/template.rb:141:in `render'
  actionpack (4.0.0) lib/action_view/renderer/template_renderer.rb:61:in `render_with_layout'
  actionpack (4.0.0) lib/action_view/renderer/template_renderer.rb:47:in `render_template'
  actionpack (4.0.0) lib/action_view/renderer/template_renderer.rb:17:in `render'
  actionpack (4.0.0) lib/action_view/renderer/renderer.rb:42:in `render_template'
  actionpack (4.0.0) lib/action_view/renderer/renderer.rb:23:in `render'
  actionpack (4.0.0) lib/abstract_controller/rendering.rb:127:in `_render_template'
  actionpack (4.0.0) lib/action_controller/metal/streaming.rb:219:in `_render_template'
  actionpack (4.0.0) lib/abstract_controller/rendering.rb:120:in `render_to_body'
  actionpack (4.0.0) lib/action_controller/metal/rendering.rb:33:in `render_to_body'
  actionpack (4.0.0) lib/action_controller/metal/renderers.rb:26:in `render_to_body'
  actionpack (4.0.0) lib/abstract_controller/rendering.rb:97:in `render'
  actionpack (4.0.0) lib/action_controller/metal/rendering.rb:16:in `render'
  actionpack (4.0.0) lib/action_controller/metal/instrumentation.rb:41:in `block (2 levels) in render'
  activesupport (4.0.0) lib/active_support/core_ext/benchmark.rb:12:in `block in ms'
  /usr/lib/ruby/1.9.1/benchmark.rb:295:in `realtime'
  activesupport (4.0.0) lib/active_support/core_ext/benchmark.rb:12:in `ms'
  actionpack (4.0.0) lib/action_controller/metal/instrumentation.rb:41:in `block in render'
  actionpack (4.0.0) lib/action_controller/metal/instrumentation.rb:84:in `cleanup_view_runtime'
  activerecord (4.0.0) lib/active_record/railties/controller_runtime.rb:25:in `cleanup_view_runtime'
  actionpack (4.0.0) lib/action_controller/metal/instrumentation.rb:40:in `render'
  actionpack (4.0.0) lib/action_controller/metal/implicit_render.rb:10:in `default_render'
  actionpack (4.0.0) lib/action_controller/metal/implicit_render.rb:5:in `send_action'
  actionpack (4.0.0) lib/abstract_controller/base.rb:189:in `process_action'
  actionpack (4.0.0) lib/action_controller/metal/rendering.rb:10:in `process_action'
  actionpack (4.0.0) lib/abstract_controller/callbacks.rb:18:in `block in process_action'
  activesupport (4.0.0) lib/active_support/callbacks.rb:413:in `_run__54184125260272259__process_action__callbacks'
  activesupport (4.0.0) lib/active_support/callbacks.rb:80:in `run_callbacks'
  actionpack (4.0.0) lib/abstract_controller/callbacks.rb:17:in `process_action'
  actionpack (4.0.0) lib/action_controller/metal/rescue.rb:29:in `process_action'
  actionpack (4.0.0) lib/action_controller/metal/instrumentation.rb:31:in `block in process_action'
  activesupport (4.0.0) lib/active_support/notifications.rb:159:in `block in instrument'
  activesupport (4.0.0) lib/active_support/notifications/instrumenter.rb:20:in `instrument'
  activesupport (4.0.0) lib/active_support/notifications.rb:159:in `instrument'
  actionpack (4.0.0) lib/action_controller/metal/instrumentation.rb:30:in `process_action'
  actionpack (4.0.0) lib/action_controller/metal/params_wrapper.rb:245:in `process_action'
  activerecord (4.0.0) lib/active_record/railties/controller_runtime.rb:18:in `process_action'
  actionpack (4.0.0) lib/abstract_controller/base.rb:136:in `process'
  actionpack (4.0.0) lib/abstract_controller/rendering.rb:44:in `process'
  actionpack (4.0.0) lib/action_controller/metal.rb:195:in `dispatch'
  actionpack (4.0.0) lib/action_controller/metal/rack_delegation.rb:13:in `dispatch'
  actionpack (4.0.0) lib/action_controller/metal.rb:231:in `block in action'
  actionpack (4.0.0) lib/action_dispatch/routing/route_set.rb:80:in `call'
  actionpack (4.0.0) lib/action_dispatch/routing/route_set.rb:80:in `dispatch'
  actionpack (4.0.0) lib/action_dispatch/routing/route_set.rb:48:in `call'
  actionpack (4.0.0) lib/action_dispatch/journey/router.rb:71:in `block in call'
  actionpack (4.0.0) lib/action_dispatch/journey/router.rb:59:in `each'
  actionpack (4.0.0) lib/action_dispatch/journey/router.rb:59:in `call'
  actionpack (4.0.0) lib/action_dispatch/routing/route_set.rb:655:in `call'
  rack (1.5.2) lib/rack/etag.rb:23:in `call'
  rack (1.5.2) lib/rack/conditionalget.rb:25:in `call'
  rack (1.5.2) lib/rack/head.rb:11:in `call'
  actionpack (4.0.0) lib/action_dispatch/middleware/params_parser.rb:27:in `call'
  actionpack (4.0.0) lib/action_dispatch/middleware/flash.rb:241:in `call'
  rack (1.5.2) lib/rack/session/abstract/id.rb:225:in `context'
  rack (1.5.2) lib/rack/session/abstract/id.rb:220:in `call'
  actionpack (4.0.0) lib/action_dispatch/middleware/cookies.rb:486:in `call'
  activerecord (4.0.0) lib/active_record/query_cache.rb:36:in `call'
  activerecord (4.0.0) lib/active_record/connection_adapters/abstract/connection_pool.rb:626:in `call'
  activerecord (4.0.0) lib/active_record/migration.rb:369:in `call'
  actionpack (4.0.0) lib/action_dispatch/middleware/callbacks.rb:29:in `block in call'
  activesupport (4.0.0) lib/active_support/callbacks.rb:373:in `_run__1198129908440208106__call__callbacks'
  activesupport (4.0.0) lib/active_support/callbacks.rb:80:in `run_callbacks'
  actionpack (4.0.0) lib/action_dispatch/middleware/callbacks.rb:27:in `call'
  actionpack (4.0.0) lib/action_dispatch/middleware/reloader.rb:64:in `call'
  actionpack (4.0.0) lib/action_dispatch/middleware/remote_ip.rb:76:in `call'
  actionpack (4.0.0) lib/action_dispatch/middleware/debug_exceptions.rb:17:in `call'
  actionpack (4.0.0) lib/action_dispatch/middleware/show_exceptions.rb:30:in `call'
  railties (4.0.0) lib/rails/rack/logger.rb:38:in `call_app'
  railties (4.0.0) lib/rails/rack/logger.rb:21:in `block in call'
  activesupport (4.0.0) lib/active_support/tagged_logging.rb:67:in `block in tagged'
  activesupport (4.0.0) lib/active_support/tagged_logging.rb:25:in `tagged'
  activesupport (4.0.0) lib/active_support/tagged_logging.rb:67:in `tagged'
  railties (4.0.0) lib/rails/rack/logger.rb:21:in `call'
  actionpack (4.0.0) lib/action_dispatch/middleware/request_id.rb:21:in `call'
  rack (1.5.2) lib/rack/methodoverride.rb:21:in `call'
  rack (1.5.2) lib/rack/runtime.rb:17:in `call'
  activesupport (4.0.0) lib/active_support/cache/strategy/local_cache.rb:83:in `call'
  rack (1.5.2) lib/rack/lock.rb:17:in `call'
  actionpack (4.0.0) lib/action_dispatch/middleware/static.rb:64:in `call'
  railties (4.0.0) lib/rails/engine.rb:511:in `call'
  railties (4.0.0) lib/rails/application.rb:97:in `call'
  rack (1.5.2) lib/rack/lock.rb:17:in `call'
  rack (1.5.2) lib/rack/content_length.rb:14:in `call'
  rack (1.5.2) lib/rack/handler/webrick.rb:60:in `service'
  /usr/lib/ruby/1.9.1/webrick/httpserver.rb:138:in `service'
  /usr/lib/ruby/1.9.1/webrick/httpserver.rb:94:in `run'
  /usr/lib/ruby/1.9.1/webrick/server.rb:191:in `block in start_thread'


  Rendered /var/lib/gems/1.9.1/gems/actionpack-4.0.0/lib/action_dispatch/middleware/templates/rescues/_trace.erb (1.3ms)
  Rendered /var/lib/gems/1.9.1/gems/actionpack-4.0.0/lib/action_dispatch/middleware/templates/rescues/_request_and_response.erb (0.7ms)
  Rendered /var/lib/gems/1.9.1/gems/actionpack-4.0.0/lib/action_dispatch/middleware/templates/rescues/template_error.erb within rescues/layout (8.2ms)


Started GET "/products" for 127.0.0.1 at 2013-10-07 09:28:42 +0200
Processing by ProductsController#index as HTML
  [1m[36mProduct Load (0.2ms)[0m  [1mSELECT "products".* FROM "products"[0m
  Rendered products/index.html.erb within layouts/application (3.3ms)
Completed 200 OK in 8ms (Views: 6.7ms | ActiveRecord: 0.2ms)


Started GET "/assets/application.css?body=1" for 127.0.0.1 at 2013-10-07 09:28:42 +0200


Started GET "/assets/jquery.js?body=1" for 127.0.0.1 at 2013-10-07 09:28:42 +0200


Started GET "/assets/scaffolds.css?body=1" for 127.0.0.1 at 2013-10-07 09:28:42 +0200


Started GET "/assets/jquery_ujs.js?body=1" for 127.0.0.1 at 2013-10-07 09:28:42 +0200


Started GET "/assets/turbolinks.js?body=1" for 127.0.0.1 at 2013-10-07 09:28:42 +0200


Started GET "/assets/products.css?body=1" for 127.0.0.1 at 2013-10-07 09:28:42 +0200


Started GET "/assets/products.js?body=1" for 127.0.0.1 at 2013-10-07 09:28:42 +0200


Started GET "/assets/application.js?body=1" for 127.0.0.1 at 2013-10-07 09:28:42 +0200


Started GET "/images/prova/img" for 127.0.0.1 at 2013-10-07 09:28:42 +0200

ActionController::RoutingError (No route matches [GET] "/images/prova/img"):
  actionpack (4.0.0) lib/action_dispatch/middleware/debug_exceptions.rb:21:in `call'
  actionpack (4.0.0) lib/action_dispatch/middleware/show_exceptions.rb:30:in `call'
  railties (4.0.0) lib/rails/rack/logger.rb:38:in `call_app'
  railties (4.0.0) lib/rails/rack/logger.rb:21:in `block in call'
  activesupport (4.0.0) lib/active_support/tagged_logging.rb:67:in `block in tagged'
  activesupport (4.0.0) lib/active_support/tagged_logging.rb:25:in `tagged'
  activesupport (4.0.0) lib/active_support/tagged_logging.rb:67:in `tagged'
  railties (4.0.0) lib/rails/rack/logger.rb:21:in `call'
  actionpack (4.0.0) lib/action_dispatch/middleware/request_id.rb:21:in `call'
  rack (1.5.2) lib/rack/methodoverride.rb:21:in `call'
  rack (1.5.2) lib/rack/runtime.rb:17:in `call'
  activesupport (4.0.0) lib/active_support/cache/strategy/local_cache.rb:83:in `call'
  rack (1.5.2) lib/rack/lock.rb:17:in `call'
  actionpack (4.0.0) lib/action_dispatch/middleware/static.rb:64:in `call'
  railties (4.0.0) lib/rails/engine.rb:511:in `call'
  railties (4.0.0) lib/rails/application.rb:97:in `call'
  rack (1.5.2) lib/rack/lock.rb:17:in `call'
  rack (1.5.2) lib/rack/content_length.rb:14:in `call'
  rack (1.5.2) lib/rack/handler/webrick.rb:60:in `service'
  /usr/lib/ruby/1.9.1/webrick/httpserver.rb:138:in `service'
  /usr/lib/ruby/1.9.1/webrick/httpserver.rb:94:in `run'
  /usr/lib/ruby/1.9.1/webrick/server.rb:191:in `block in start_thread'


  Rendered /var/lib/gems/1.9.1/gems/actionpack-4.0.0/lib/action_dispatch/middleware/templates/rescues/_trace.erb (1.0ms)
  Rendered /var/lib/gems/1.9.1/gems/actionpack-4.0.0/lib/action_dispatch/middleware/templates/routes/_route.html.erb (1.4ms)
  Rendered /var/lib/gems/1.9.1/gems/actionpack-4.0.0/lib/action_dispatch/middleware/templates/routes/_table.html.erb (29.4ms)
  Rendered /var/lib/gems/1.9.1/gems/actionpack-4.0.0/lib/action_dispatch/middleware/templates/rescues/routing_error.erb within rescues/layout (66.0ms)
